#
# There is insufficient memory for the Java Runtime Environment to continue.
# Native memory allocation (malloc) failed to allocate 754336 bytes for Chunk::new
# Possible reasons:
#   The system is out of physical RAM or swap space
#   The process is running with CompressedOops enabled, and the Java Heap may be blocking the growth of the native heap
# Possible solutions:
#   Reduce memory load on the system
#   Increase physical memory or swap space
#   Check if swap backing store is full
#   Decrease Java heap size (-Xmx/-Xms)
#   Decrease number of Java threads
#   Decrease Java thread stack sizes (-Xss)
#   Set larger code cache with -XX:ReservedCodeCacheSize=
#   JVM is running with Unscaled Compressed Oops mode in which the Java heap is
#     placed in the first 4GB address space. The Java Heap base address is the
#     maximum limit for the native heap growth. Please use -XX:HeapBaseMinAddress
#     to set the Java Heap base and to place the Java Heap above 4GB virtual address.
# This output file may be truncated or incomplete.
#
#  Out of Memory Error (arena.cpp:184), pid=19772, tid=17636
#
# JRE version: Java(TM) SE Runtime Environment (18.0.2.1+1) (build 18.0.2.1+1-1)
# Java VM: Java HotSpot(TM) 64-Bit Server VM (18.0.2.1+1-1, mixed mode, sharing, tiered, compressed oops, compressed class ptrs, g1 gc, windows-amd64)
# No core dump will be written. Minidumps are not enabled by default on client versions of Windows
#

---------------  S U M M A R Y ------------

Command Line: -XX:+ShowCodeDetailsInExceptionMessages Game.Game

Host: AMD Ryzen 7 4800H with Radeon Graphics         , 16 cores, 7G,  Windows 10 , 64 bit Build 19041 (10.0.19041.3570)
Time: Fri Oct 20 16:48:15 2023 Eastern Daylight Time elapsed time: 43.786875 seconds (0d 0h 0m 43s)

---------------  T H R E A D  ---------------

Current thread (0x000001e757ce3e90):  JavaThread "C2 CompilerThread0" daemon [_thread_in_native, id=17636, stack(0x000000cb41300000,0x000000cb41400000)]


Current CompileTask:
C2:  43786 3265       4       Level.MapCollisionHandler::getAdjustedPositionAfterCollisionCheckY (384 bytes)

Stack: [0x000000cb41300000,0x000000cb41400000]
Native frames: (J=compiled Java code, j=interpreted, Vv=VM code, C=native code)
V  [jvm.dll+0x6993aa]
V  [jvm.dll+0x7f46dd]
V  [jvm.dll+0x7f5fee]
V  [jvm.dll+0x7f66a3]
V  [jvm.dll+0x25cf1f]
V  [jvm.dll+0xb8c2f]
V  [jvm.dll+0xb8fa5]
V  [jvm.dll+0x2c7e2f]
V  [jvm.dll+0x5a0d8e]
V  [jvm.dll+0x2388de]
V  [jvm.dll+0x231ea5]
V  [jvm.dll+0x22f3cb]
V  [jvm.dll+0x1ba01c]
V  [jvm.dll+0x23ee0a]
V  [jvm.dll+0x23d0f5]
V  [jvm.dll+0x7a6dd1]
V  [jvm.dll+0x7a120a]
V  [jvm.dll+0x698255]
C  [ucrtbase.dll+0x21bb2]
C  [KERNEL32.DLL+0x17344]
C  [ntdll.dll+0x526b1]


---------------  P R O C E S S  ---------------

Threads class SMR info:
_java_thread_list=0x000001e7644f12c0, length=18, elements={
0x000001e757cc7ff0, 0x000001e757cc8b60, 0x000001e757cde740, 0x000001e757ce0000,
0x000001e757ce08b0, 0x000001e757ce3170, 0x000001e757ce3e90, 0x000001e757cfc230,
0x000001e757d4af10, 0x000001e75c0d2c30, 0x000001e75c0d3360, 0x000001e75c31c720,
0x000001e75c31cbe0, 0x000001e75c31fb60, 0x000001e75cc21a80, 0x000001e75cc54560,
0x000001e75cca1ad0, 0x000001e7375a61b0
}

Java Threads: ( => current thread )
  0x000001e757cc7ff0 JavaThread "Reference Handler" daemon [_thread_blocked, id=20808, stack(0x000000cb40d00000,0x000000cb40e00000)]
  0x000001e757cc8b60 JavaThread "Finalizer" daemon [_thread_blocked, id=18792, stack(0x000000cb40e00000,0x000000cb40f00000)]
  0x000001e757cde740 JavaThread "Signal Dispatcher" daemon [_thread_blocked, id=16072, stack(0x000000cb40f00000,0x000000cb41000000)]
  0x000001e757ce0000 JavaThread "Attach Listener" daemon [_thread_blocked, id=12696, stack(0x000000cb41000000,0x000000cb41100000)]
  0x000001e757ce08b0 JavaThread "Service Thread" daemon [_thread_blocked, id=7284, stack(0x000000cb41100000,0x000000cb41200000)]
  0x000001e757ce3170 JavaThread "Monitor Deflation Thread" daemon [_thread_blocked, id=4024, stack(0x000000cb41200000,0x000000cb41300000)]
=>0x000001e757ce3e90 JavaThread "C2 CompilerThread0" daemon [_thread_in_native, id=17636, stack(0x000000cb41300000,0x000000cb41400000)]
  0x000001e757cfc230 JavaThread "C1 CompilerThread0" daemon [_thread_blocked, id=15060, stack(0x000000cb41400000,0x000000cb41500000)]
  0x000001e757d4af10 JavaThread "Sweeper thread" daemon [_thread_blocked, id=16636, stack(0x000000cb41500000,0x000000cb41600000)]
  0x000001e75c0d2c30 JavaThread "Notification Thread" daemon [_thread_blocked, id=18772, stack(0x000000cb41800000,0x000000cb41900000)]
  0x000001e75c0d3360 JavaThread "Common-Cleaner" daemon [_thread_blocked, id=16148, stack(0x000000cb41a00000,0x000000cb41b00000)]
  0x000001e75c31c720 JavaThread "Java2D Disposer" daemon [_thread_blocked, id=180, stack(0x000000cb41b00000,0x000000cb41c00000)]
  0x000001e75c31cbe0 JavaThread "AWT-Shutdown" [_thread_blocked, id=18984, stack(0x000000cb41c00000,0x000000cb41d00000)]
  0x000001e75c31fb60 JavaThread "AWT-Windows" daemon [_thread_in_native, id=20392, stack(0x000000cb41d00000,0x000000cb41e00000)]
  0x000001e75cc21a80 JavaThread "AWT-EventQueue-0" [_thread_blocked, id=1832, stack(0x000000cb42000000,0x000000cb42100000)]
  0x000001e75cc54560 JavaThread "D3D Screen Updater" daemon [_thread_blocked, id=20368, stack(0x000000cb42100000,0x000000cb42200000)]
  0x000001e75cca1ad0 JavaThread "Thread-0" [_thread_blocked, id=20520, stack(0x000000cb42200000,0x000000cb42300000)]
  0x000001e7375a61b0 JavaThread "DestroyJavaVM" [_thread_blocked, id=3476, stack(0x000000cb40600000,0x000000cb40700000)]

Other Threads:
  0x000001e757cc15e0 VMThread "VM Thread" [stack: 0x000000cb40c00000,0x000000cb40d00000] [id=15608]
  0x000001e75c0d30f0 WatcherThread "VM Periodic Task Thread" [stack: 0x000000cb41900000,0x000000cb41a00000] [id=2892]
  0x000001e737602960 WorkerThread "GC Thread#0" [stack: 0x000000cb40700000,0x000000cb40800000] [id=8896]
  0x000001e75ce73a70 WorkerThread "GC Thread#1" [stack: 0x000000cb42600000,0x000000cb42700000] [id=17384]
  0x000001e75ce6efa0 WorkerThread "GC Thread#2" [stack: 0x000000cb42700000,0x000000cb42800000] [id=11656]
  0x000001e75ce6f240 WorkerThread "GC Thread#3" [stack: 0x000000cb42800000,0x000000cb42900000] [id=4212]
  0x000001e75ce7a2c0 WorkerThread "GC Thread#4" [stack: 0x000000cb42900000,0x000000cb42a00000] [id=9364]
  0x000001e75ce7a560 WorkerThread "GC Thread#5" [stack: 0x000000cb42a00000,0x000000cb42b00000] [id=7680]
  0x000001e75ce7a800 WorkerThread "GC Thread#6" [stack: 0x000000cb42b00000,0x000000cb42c00000] [id=3300]
  0x000001e75ce7aaa0 WorkerThread "GC Thread#7" [stack: 0x000000cb42c00000,0x000000cb42d00000] [id=7900]
  0x000001e7644e8de0 WorkerThread "GC Thread#8" [stack: 0x000000cb42d00000,0x000000cb42e00000] [id=15468]
  0x000001e7644e7e20 WorkerThread "GC Thread#9" [stack: 0x000000cb42e20000,0x000000cb42f20000] [id=13128]
  0x000001e7644e8360 WorkerThread "GC Thread#10" [stack: 0x000000cb42f20000,0x000000cb43020000] [id=6000]
  0x000001e7644e8600 WorkerThread "GC Thread#11" [stack: 0x000000cb43020000,0x000000cb43120000] [id=17152]
  0x000001e7644e88a0 WorkerThread "GC Thread#12" [stack: 0x000000cb43120000,0x000000cb43220000] [id=9860]
  0x000001e7376123a0 ConcurrentGCThread "G1 Main Marker" [stack: 0x000000cb40800000,0x000000cb40900000] [id=19248]
  0x000001e737612ca0 WorkerThread "G1 Conc#0" [stack: 0x000000cb40900000,0x000000cb40a00000] [id=4204]
  0x000001e757b780b0 ConcurrentGCThread "G1 Refine#0" [stack: 0x000000cb40a00000,0x000000cb40b00000] [id=19804]
  0x000001e757b788d0 ConcurrentGCThread "G1 Service" [stack: 0x000000cb40b00000,0x000000cb40c00000] [id=19008]

Threads with active compile tasks:
C2 CompilerThread0    43815 3265       4       Level.MapCollisionHandler::getAdjustedPositionAfterCollisionCheckY (384 bytes)

VM state: not at safepoint (normal execution)

VM Mutex/Monitor currently owned by a thread: None

Heap address: 0x000000008a000000, size: 1888 MB, Compressed Oops mode: 32-bit

CDS archive(s) mapped at: [0x0000000800000000-0x0000000800ba0000-0x0000000800ba0000), size 12189696, SharedBaseAddress: 0x0000000800000000, ArchiveRelocationMode: 0.
Compressed class space mapped at: 0x0000000800c00000-0x0000000840c00000, reserved size: 1073741824
Narrow klass base: 0x0000000800000000, Narrow klass shift: 0, Narrow klass range: 0x100000000

GC Precious Log:
 CardTable entry size: 512
 Card Set container configuration: InlinePtr #cards 5 size 8 Array Of Cards #cards 12 size 40 Howl #buckets 4 coarsen threshold 1843 Howl Bitmap #cards 512 size 80 coarsen threshold 460 Card regions per heap region 1 cards per card region 2048
 CPUs: 16 total, 16 available
 Memory: 7549M
 Large Page Support: Disabled
 NUMA Support: Disabled
 Compressed Oops: Enabled (32-bit)
 Heap Region Size: 1M
 Heap Min Capacity: 8M
 Heap Initial Capacity: 118M
 Heap Max Capacity: 1888M
 Pre-touch: Disabled
 Parallel Workers: 13
 Concurrent Workers: 3
 Concurrent Refinement Workers: 13
 Periodic GC: Disabled

Heap:
 garbage-first heap   total 120832K, used 46908K [0x000000008a000000, 0x0000000100000000)
  region size 1024K, 36 young (36864K), 3 survivors (3072K)
 Metaspace       used 9413K, committed 9664K, reserved 1114112K
  class space    used 871K, committed 1024K, reserved 1048576K

Heap Regions: E=young(eden), S=young(survivor), O=old, HS=humongous(starts), HC=humongous(continues), CS=collection set, F=free, OA=open archive, CA=closed archive, TAMS=top-at-mark-start (previous, next)
|   0|0x000000008a000000, 0x000000008a000000, 0x000000008a100000|  0%| F|  |TAMS 0x000000008a000000, 0x000000008a000000| Untracked 
|   1|0x000000008a100000, 0x000000008a200000, 0x000000008a200000|100%|HS|  |TAMS 0x000000008a100000, 0x000000008a100000| Complete 
|   2|0x000000008a200000, 0x000000008a200000, 0x000000008a300000|  0%| F|  |TAMS 0x000000008a200000, 0x000000008a200000| Untracked 
|   3|0x000000008a300000, 0x000000008a400000, 0x000000008a400000|100%|HS|  |TAMS 0x000000008a300000, 0x000000008a300000| Complete 
|   4|0x000000008a400000, 0x000000008a500000, 0x000000008a500000|100%|HS|  |TAMS 0x000000008a400000, 0x000000008a400000| Complete 
|   5|0x000000008a500000, 0x000000008a600000, 0x000000008a600000|100%|HS|  |TAMS 0x000000008a500000, 0x000000008a500000| Complete 
|   6|0x000000008a600000, 0x000000008a700000, 0x000000008a700000|100%|HS|  |TAMS 0x000000008a600000, 0x000000008a600000| Complete 
|   7|0x000000008a700000, 0x000000008a800000, 0x000000008a800000|100%|HS|  |TAMS 0x000000008a700000, 0x000000008a700000| Complete 
|   8|0x000000008a800000, 0x000000008a800000, 0x000000008a900000|  0%| F|  |TAMS 0x000000008a800000, 0x000000008a800000| Untracked 
|   9|0x000000008a900000, 0x000000008aa00000, 0x000000008aa00000|100%|HS|  |TAMS 0x000000008a900000, 0x000000008a900000| Complete 
|  10|0x000000008aa00000, 0x000000008aa00000, 0x000000008ab00000|  0%| F|  |TAMS 0x000000008aa00000, 0x000000008aa00000| Untracked 
|  11|0x000000008ab00000, 0x000000008ac00000, 0x000000008ac00000|100%|HS|  |TAMS 0x000000008ab00000, 0x000000008ab00000| Complete 
|  12|0x000000008ac00000, 0x000000008ad00000, 0x000000008ad00000|100%| O|  |TAMS 0x000000008ac00000, 0x000000008ac00000| Untracked 
|  13|0x000000008ad00000, 0x000000008ae00000, 0x000000008ae00000|100%| O|  |TAMS 0x000000008ad00000, 0x000000008ad00000| Untracked 
|  14|0x000000008ae00000, 0x000000008ae36a00, 0x000000008af00000| 21%| O|  |TAMS 0x000000008ae00000, 0x000000008ae00000| Untracked 
|  15|0x000000008af00000, 0x000000008b000000, 0x000000008b000000|100%|HS|  |TAMS 0x000000008af00000, 0x000000008af00000| Complete 
|  16|0x000000008b000000, 0x000000008b000000, 0x000000008b100000|  0%| F|  |TAMS 0x000000008b000000, 0x000000008b000000| Untracked 
|  17|0x000000008b100000, 0x000000008b100000, 0x000000008b200000|  0%| F|  |TAMS 0x000000008b100000, 0x000000008b100000| Untracked 
|  18|0x000000008b200000, 0x000000008b200000, 0x000000008b300000|  0%| F|  |TAMS 0x000000008b200000, 0x000000008b200000| Untracked 
|  19|0x000000008b300000, 0x000000008b300000, 0x000000008b400000|  0%| F|  |TAMS 0x000000008b300000, 0x000000008b300000| Untracked 
|  20|0x000000008b400000, 0x000000008b400000, 0x000000008b500000|  0%| F|  |TAMS 0x000000008b400000, 0x000000008b400000| Untracked 
|  21|0x000000008b500000, 0x000000008b500000, 0x000000008b600000|  0%| F|  |TAMS 0x000000008b500000, 0x000000008b500000| Untracked 
|  22|0x000000008b600000, 0x000000008b600000, 0x000000008b700000|  0%| F|  |TAMS 0x000000008b600000, 0x000000008b600000| Untracked 
|  23|0x000000008b700000, 0x000000008b700000, 0x000000008b800000|  0%| F|  |TAMS 0x000000008b700000, 0x000000008b700000| Untracked 
|  24|0x000000008b800000, 0x000000008b800000, 0x000000008b900000|  0%| F|  |TAMS 0x000000008b800000, 0x000000008b800000| Untracked 
|  25|0x000000008b900000, 0x000000008b900000, 0x000000008ba00000|  0%| F|  |TAMS 0x000000008b900000, 0x000000008b900000| Untracked 
|  26|0x000000008ba00000, 0x000000008ba00000, 0x000000008bb00000|  0%| F|  |TAMS 0x000000008ba00000, 0x000000008ba00000| Untracked 
|  27|0x000000008bb00000, 0x000000008bb00000, 0x000000008bc00000|  0%| F|  |TAMS 0x000000008bb00000, 0x000000008bb00000| Untracked 
|  28|0x000000008bc00000, 0x000000008bc00000, 0x000000008bd00000|  0%| F|  |TAMS 0x000000008bc00000, 0x000000008bc00000| Untracked 
|  29|0x000000008bd00000, 0x000000008bd00000, 0x000000008be00000|  0%| F|  |TAMS 0x000000008bd00000, 0x000000008bd00000| Untracked 
|  30|0x000000008be00000, 0x000000008be00000, 0x000000008bf00000|  0%| F|  |TAMS 0x000000008be00000, 0x000000008be00000| Untracked 
|  31|0x000000008bf00000, 0x000000008bf00000, 0x000000008c000000|  0%| F|  |TAMS 0x000000008bf00000, 0x000000008bf00000| Untracked 
|  32|0x000000008c000000, 0x000000008c000000, 0x000000008c100000|  0%| F|  |TAMS 0x000000008c000000, 0x000000008c000000| Untracked 
|  33|0x000000008c100000, 0x000000008c100000, 0x000000008c200000|  0%| F|  |TAMS 0x000000008c100000, 0x000000008c100000| Untracked 
|  34|0x000000008c200000, 0x000000008c200000, 0x000000008c300000|  0%| F|  |TAMS 0x000000008c200000, 0x000000008c200000| Untracked 
|  35|0x000000008c300000, 0x000000008c300000, 0x000000008c400000|  0%| F|  |TAMS 0x000000008c300000, 0x000000008c300000| Untracked 
|  36|0x000000008c400000, 0x000000008c400000, 0x000000008c500000|  0%| F|  |TAMS 0x000000008c400000, 0x000000008c400000| Untracked 
|  37|0x000000008c500000, 0x000000008c500000, 0x000000008c600000|  0%| F|  |TAMS 0x000000008c500000, 0x000000008c500000| Untracked 
|  38|0x000000008c600000, 0x000000008c600000, 0x000000008c700000|  0%| F|  |TAMS 0x000000008c600000, 0x000000008c600000| Untracked 
|  39|0x000000008c700000, 0x000000008c700000, 0x000000008c800000|  0%| F|  |TAMS 0x000000008c700000, 0x000000008c700000| Untracked 
|  40|0x000000008c800000, 0x000000008c800000, 0x000000008c900000|  0%| F|  |TAMS 0x000000008c800000, 0x000000008c800000| Untracked 
|  41|0x000000008c900000, 0x000000008c900000, 0x000000008ca00000|  0%| F|  |TAMS 0x000000008c900000, 0x000000008c900000| Untracked 
|  42|0x000000008ca00000, 0x000000008ca00000, 0x000000008cb00000|  0%| F|  |TAMS 0x000000008ca00000, 0x000000008ca00000| Untracked 
|  43|0x000000008cb00000, 0x000000008cb00000, 0x000000008cc00000|  0%| F|  |TAMS 0x000000008cb00000, 0x000000008cb00000| Untracked 
|  44|0x000000008cc00000, 0x000000008cc00000, 0x000000008cd00000|  0%| F|  |TAMS 0x000000008cc00000, 0x000000008cc00000| Untracked 
|  45|0x000000008cd00000, 0x000000008cd00000, 0x000000008ce00000|  0%| F|  |TAMS 0x000000008cd00000, 0x000000008cd00000| Untracked 
|  46|0x000000008ce00000, 0x000000008ce00000, 0x000000008cf00000|  0%| F|  |TAMS 0x000000008ce00000, 0x000000008ce00000| Untracked 
|  47|0x000000008cf00000, 0x000000008cf00000, 0x000000008d000000|  0%| F|  |TAMS 0x000000008cf00000, 0x000000008cf00000| Untracked 
|  48|0x000000008d000000, 0x000000008d000000, 0x000000008d100000|  0%| F|  |TAMS 0x000000008d000000, 0x000000008d000000| Untracked 
|  49|0x000000008d100000, 0x000000008d1987c0, 0x000000008d200000| 59%| S|CS|TAMS 0x000000008d100000, 0x000000008d100000| Complete 
|  50|0x000000008d200000, 0x000000008d300000, 0x000000008d300000|100%| S|CS|TAMS 0x000000008d200000, 0x000000008d200000| Complete 
|  51|0x000000008d300000, 0x000000008d400000, 0x000000008d400000|100%| S|CS|TAMS 0x000000008d300000, 0x000000008d300000| Complete 
|  52|0x000000008d400000, 0x000000008d400000, 0x000000008d500000|  0%| F|  |TAMS 0x000000008d400000, 0x000000008d400000| Untracked 
|  53|0x000000008d500000, 0x000000008d500000, 0x000000008d600000|  0%| F|  |TAMS 0x000000008d500000, 0x000000008d500000| Untracked 
|  54|0x000000008d600000, 0x000000008d600000, 0x000000008d700000|  0%| F|  |TAMS 0x000000008d600000, 0x000000008d600000| Untracked 
|  55|0x000000008d700000, 0x000000008d700000, 0x000000008d800000|  0%| F|  |TAMS 0x000000008d700000, 0x000000008d700000| Untracked 
|  56|0x000000008d800000, 0x000000008d800000, 0x000000008d900000|  0%| F|  |TAMS 0x000000008d800000, 0x000000008d800000| Untracked 
|  57|0x000000008d900000, 0x000000008d900000, 0x000000008da00000|  0%| F|  |TAMS 0x000000008d900000, 0x000000008d900000| Untracked 
|  58|0x000000008da00000, 0x000000008da00000, 0x000000008db00000|  0%| F|  |TAMS 0x000000008da00000, 0x000000008da00000| Untracked 
|  59|0x000000008db00000, 0x000000008db00000, 0x000000008dc00000|  0%| F|  |TAMS 0x000000008db00000, 0x000000008db00000| Untracked 
|  60|0x000000008dc00000, 0x000000008dc00000, 0x000000008dd00000|  0%| F|  |TAMS 0x000000008dc00000, 0x000000008dc00000| Untracked 
|  61|0x000000008dd00000, 0x000000008dd00000, 0x000000008de00000|  0%| F|  |TAMS 0x000000008dd00000, 0x000000008dd00000| Untracked 
|  62|0x000000008de00000, 0x000000008de00000, 0x000000008df00000|  0%| F|  |TAMS 0x000000008de00000, 0x000000008de00000| Untracked 
|  63|0x000000008df00000, 0x000000008df00000, 0x000000008e000000|  0%| F|  |TAMS 0x000000008df00000, 0x000000008df00000| Untracked 
|  64|0x000000008e000000, 0x000000008e000000, 0x000000008e100000|  0%| F|  |TAMS 0x000000008e000000, 0x000000008e000000| Untracked 
|  65|0x000000008e100000, 0x000000008e100000, 0x000000008e200000|  0%| F|  |TAMS 0x000000008e100000, 0x000000008e100000| Untracked 
|  66|0x000000008e200000, 0x000000008e200000, 0x000000008e300000|  0%| F|  |TAMS 0x000000008e200000, 0x000000008e200000| Untracked 
|  67|0x000000008e300000, 0x000000008e300000, 0x000000008e400000|  0%| F|  |TAMS 0x000000008e300000, 0x000000008e300000| Untracked 
|  68|0x000000008e400000, 0x000000008e400000, 0x000000008e500000|  0%| F|  |TAMS 0x000000008e400000, 0x000000008e400000| Untracked 
|  69|0x000000008e500000, 0x000000008e500000, 0x000000008e600000|  0%| F|  |TAMS 0x000000008e500000, 0x000000008e500000| Untracked 
|  70|0x000000008e600000, 0x000000008e600000, 0x000000008e700000|  0%| F|  |TAMS 0x000000008e600000, 0x000000008e600000| Untracked 
|  71|0x000000008e700000, 0x000000008e700000, 0x000000008e800000|  0%| F|  |TAMS 0x000000008e700000, 0x000000008e700000| Untracked 
|  72|0x000000008e800000, 0x000000008e800000, 0x000000008e900000|  0%| F|  |TAMS 0x000000008e800000, 0x000000008e800000| Untracked 
|  73|0x000000008e900000, 0x000000008e900000, 0x000000008ea00000|  0%| F|  |TAMS 0x000000008e900000, 0x000000008e900000| Untracked 
|  74|0x000000008ea00000, 0x000000008ea00000, 0x000000008eb00000|  0%| F|  |TAMS 0x000000008ea00000, 0x000000008ea00000| Untracked 
|  75|0x000000008eb00000, 0x000000008eb00000, 0x000000008ec00000|  0%| F|  |TAMS 0x000000008eb00000, 0x000000008eb00000| Untracked 
|  76|0x000000008ec00000, 0x000000008ec00000, 0x000000008ed00000|  0%| F|  |TAMS 0x000000008ec00000, 0x000000008ec00000| Untracked 
|  77|0x000000008ed00000, 0x000000008ed00000, 0x000000008ee00000|  0%| F|  |TAMS 0x000000008ed00000, 0x000000008ed00000| Untracked 
|  78|0x000000008ee00000, 0x000000008ee00000, 0x000000008ef00000|  0%| F|  |TAMS 0x000000008ee00000, 0x000000008ee00000| Untracked 
|  79|0x000000008ef00000, 0x000000008ef00000, 0x000000008f000000|  0%| F|  |TAMS 0x000000008ef00000, 0x000000008ef00000| Untracked 
|  80|0x000000008f000000, 0x000000008f000000, 0x000000008f100000|  0%| F|  |TAMS 0x000000008f000000, 0x000000008f000000| Untracked 
|  81|0x000000008f100000, 0x000000008f100000, 0x000000008f200000|  0%| F|  |TAMS 0x000000008f100000, 0x000000008f100000| Untracked 
|  82|0x000000008f200000, 0x000000008f200000, 0x000000008f300000|  0%| F|  |TAMS 0x000000008f200000, 0x000000008f200000| Untracked 
|  83|0x000000008f300000, 0x000000008f300000, 0x000000008f400000|  0%| F|  |TAMS 0x000000008f300000, 0x000000008f300000| Untracked 
|  84|0x000000008f400000, 0x000000008f400000, 0x000000008f500000|  0%| F|  |TAMS 0x000000008f400000, 0x000000008f400000| Untracked 
|  85|0x000000008f500000, 0x000000008f600000, 0x000000008f600000|100%| E|  |TAMS 0x000000008f500000, 0x000000008f500000| Complete 
|  86|0x000000008f600000, 0x000000008f700000, 0x000000008f700000|100%| E|CS|TAMS 0x000000008f600000, 0x000000008f600000| Complete 
|  87|0x000000008f700000, 0x000000008f800000, 0x000000008f800000|100%| E|CS|TAMS 0x000000008f700000, 0x000000008f700000| Complete 
|  88|0x000000008f800000, 0x000000008f900000, 0x000000008f900000|100%| E|CS|TAMS 0x000000008f800000, 0x000000008f800000| Complete 
|  89|0x000000008f900000, 0x000000008fa00000, 0x000000008fa00000|100%| E|CS|TAMS 0x000000008f900000, 0x000000008f900000| Complete 
|  90|0x000000008fa00000, 0x000000008fb00000, 0x000000008fb00000|100%| E|CS|TAMS 0x000000008fa00000, 0x000000008fa00000| Complete 
|  91|0x000000008fb00000, 0x000000008fc00000, 0x000000008fc00000|100%| E|CS|TAMS 0x000000008fb00000, 0x000000008fb00000| Complete 
|  92|0x000000008fc00000, 0x000000008fd00000, 0x000000008fd00000|100%| E|CS|TAMS 0x000000008fc00000, 0x000000008fc00000| Complete 
|  93|0x000000008fd00000, 0x000000008fe00000, 0x000000008fe00000|100%| E|CS|TAMS 0x000000008fd00000, 0x000000008fd00000| Complete 
|  94|0x000000008fe00000, 0x000000008ff00000, 0x000000008ff00000|100%| E|CS|TAMS 0x000000008fe00000, 0x000000008fe00000| Complete 
|  95|0x000000008ff00000, 0x0000000090000000, 0x0000000090000000|100%| E|CS|TAMS 0x000000008ff00000, 0x000000008ff00000| Complete 
|  96|0x0000000090000000, 0x0000000090100000, 0x0000000090100000|100%| E|CS|TAMS 0x0000000090000000, 0x0000000090000000| Complete 
|  97|0x0000000090100000, 0x0000000090200000, 0x0000000090200000|100%| E|CS|TAMS 0x0000000090100000, 0x0000000090100000| Complete 
|  98|0x0000000090200000, 0x0000000090300000, 0x0000000090300000|100%| E|CS|TAMS 0x0000000090200000, 0x0000000090200000| Complete 
|  99|0x0000000090300000, 0x0000000090400000, 0x0000000090400000|100%| E|CS|TAMS 0x0000000090300000, 0x0000000090300000| Complete 
| 100|0x0000000090400000, 0x0000000090500000, 0x0000000090500000|100%| E|CS|TAMS 0x0000000090400000, 0x0000000090400000| Complete 
| 101|0x0000000090500000, 0x0000000090600000, 0x0000000090600000|100%| E|CS|TAMS 0x0000000090500000, 0x0000000090500000| Complete 
| 102|0x0000000090600000, 0x0000000090700000, 0x0000000090700000|100%| E|CS|TAMS 0x0000000090600000, 0x0000000090600000| Complete 
| 103|0x0000000090700000, 0x0000000090800000, 0x0000000090800000|100%| E|CS|TAMS 0x0000000090700000, 0x0000000090700000| Complete 
| 104|0x0000000090800000, 0x0000000090900000, 0x0000000090900000|100%| E|CS|TAMS 0x0000000090800000, 0x0000000090800000| Complete 
| 105|0x0000000090900000, 0x0000000090a00000, 0x0000000090a00000|100%| E|CS|TAMS 0x0000000090900000, 0x0000000090900000| Complete 
| 106|0x0000000090a00000, 0x0000000090b00000, 0x0000000090b00000|100%| E|CS|TAMS 0x0000000090a00000, 0x0000000090a00000| Complete 
| 107|0x0000000090b00000, 0x0000000090c00000, 0x0000000090c00000|100%| E|CS|TAMS 0x0000000090b00000, 0x0000000090b00000| Complete 
| 108|0x0000000090c00000, 0x0000000090d00000, 0x0000000090d00000|100%| E|CS|TAMS 0x0000000090c00000, 0x0000000090c00000| Complete 
| 109|0x0000000090d00000, 0x0000000090e00000, 0x0000000090e00000|100%| E|CS|TAMS 0x0000000090d00000, 0x0000000090d00000| Complete 
| 110|0x0000000090e00000, 0x0000000090f00000, 0x0000000090f00000|100%| E|CS|TAMS 0x0000000090e00000, 0x0000000090e00000| Complete 
| 111|0x0000000090f00000, 0x0000000091000000, 0x0000000091000000|100%| E|CS|TAMS 0x0000000090f00000, 0x0000000090f00000| Complete 
| 112|0x0000000091000000, 0x0000000091100000, 0x0000000091100000|100%| E|CS|TAMS 0x0000000091000000, 0x0000000091000000| Complete 
| 113|0x0000000091100000, 0x0000000091200000, 0x0000000091200000|100%| E|CS|TAMS 0x0000000091100000, 0x0000000091100000| Complete 
| 114|0x0000000091200000, 0x0000000091300000, 0x0000000091300000|100%| E|CS|TAMS 0x0000000091200000, 0x0000000091200000| Complete 
| 115|0x0000000091300000, 0x0000000091400000, 0x0000000091400000|100%| E|CS|TAMS 0x0000000091300000, 0x0000000091300000| Complete 
| 116|0x0000000091400000, 0x0000000091500000, 0x0000000091500000|100%| E|CS|TAMS 0x0000000091400000, 0x0000000091400000| Complete 
| 117|0x0000000091500000, 0x0000000091600000, 0x0000000091600000|100%| E|CS|TAMS 0x0000000091500000, 0x0000000091500000| Complete 

Card table byte_map: [0x000001e750a70000,0x000001e750e20000] _byte_map_base: 0x000001e750620000

Marking Bits (Prev, Next): (CMBitMap*) 0x000001e737602e70, (CMBitMap*) 0x000001e737602eb0
 Prev Bits: [0x000001e7511d0000, 0x000001e752f50000)
 Next Bits: [0x000001e752f50000, 0x000001e754cd0000)

Polling page: 0x000001e737670000

Metaspace:

Usage:
  Non-class:      8.34 MB used.
      Class:    871.51 KB used.
       Both:      9.19 MB used.

Virtual space:
  Non-class space:       64.00 MB reserved,       8.44 MB ( 13%) committed,  1 nodes.
      Class space:        1.00 GB reserved,       1.00 MB ( <1%) committed,  1 nodes.
             Both:        1.06 GB reserved,       9.44 MB ( <1%) committed. 

Chunk freelists:
   Non-Class:  2.94 MB
       Class:  3.05 MB
        Both:  5.98 MB

MaxMetaspaceSize: unlimited
CompressedClassSpaceSize: 1.00 GB
Initial GC threshold: 21.00 MB
Current GC threshold: 21.00 MB
CDS: on
MetaspaceReclaimPolicy: balanced
 - commit_granule_bytes: 65536.
 - commit_granule_words: 8192.
 - virtual_space_node_default_size: 8388608.
 - enlarge_chunks_in_place: 1.
 - new_chunks_are_fully_committed: 0.
 - uncommit_free_chunks: 1.
 - use_allocation_guard: 0.


Internal statistics:

num_allocs_failed_limit: 0.
num_arena_births: 118.
num_arena_deaths: 0.
num_vsnodes_births: 2.
num_vsnodes_deaths: 0.
num_space_committed: 151.
num_space_uncommitted: 0.
num_chunks_returned_to_freelist: 0.
num_chunks_taken_from_freelist: 198.
num_chunk_merges: 0.
num_chunk_splits: 106.
num_chunks_enlarged: 43.
num_inconsistent_stats: 0.

CodeHeap 'non-profiled nmethods': size=119168Kb used=2460Kb max_used=2460Kb free=116708Kb
 bounds [0x000001e7482a0000, 0x000001e748510000, 0x000001e74f700000]
CodeHeap 'profiled nmethods': size=119104Kb used=6227Kb max_used=6227Kb free=112876Kb
 bounds [0x000001e740e50000, 0x000001e741470000, 0x000001e7482a0000]
CodeHeap 'non-nmethods': size=7488Kb used=1302Kb max_used=3076Kb free=6185Kb
 bounds [0x000001e740700000, 0x000001e740a10000, 0x000001e740e50000]
 total_blobs=3877 nmethods=3254 adapters=535
 compilation: enabled
              stopped_count=0, restarted_count=0
 full_count=0

Compilation events (20 events):
Event: 42.110 Thread 0x000001e757ce3e90 nmethod 3255 0x000001e7484fe990 code [0x000001e7484feb60, 0x000001e7484ff470]
Event: 42.296 Thread 0x000001e757ce3e90 3256       4       java.security.AccessControlContext::combine (205 bytes)
Event: 42.297 Thread 0x000001e757ce3e90 nmethod 3256 0x000001e7484ff810 code [0x000001e7484ff980, 0x000001e7484ffa38]
Event: 42.612 Thread 0x000001e757ce3e90 3257       4       sun.font.TrueTypeGlyphMapper::charsToGlyphs (118 bytes)
Event: 42.618 Thread 0x000001e757ce3e90 nmethod 3257 0x000001e7484ffb90 code [0x000001e7484ffd20, 0x000001e748500278]
Event: 42.618 Thread 0x000001e757ce3e90 3258  s    4       sun.java2d.StateTrackableDelegate::getStateTracker (82 bytes)
Event: 42.619 Thread 0x000001e757ce3e90 nmethod 3258 0x000001e748500710 code [0x000001e7485008a0, 0x000001e748500cb8]
Event: 42.857 Thread 0x000001e757ce3e90 3259   !   4       java.util.concurrent.locks.AbstractQueuedSynchronizer::acquire (407 bytes)
Event: 42.871 Thread 0x000001e757ce3e90 nmethod 3259 0x000001e748500e10 code [0x000001e748500fc0, 0x000001e748501c88]
Event: 42.895 Thread 0x000001e757ce3e90 3260       4       java.security.AccessControlContext::<init> (63 bytes)
Event: 42.897 Thread 0x000001e757ce3e90 nmethod 3260 0x000001e748502210 code [0x000001e748502380, 0x000001e748502638]
Event: 42.981 Thread 0x000001e757ce3e90 3261       4       sun.java2d.marlin.Renderer::dispose (363 bytes)
Event: 43.027 Thread 0x000001e757ce3e90 nmethod 3261 0x000001e748502710 code [0x000001e748502900, 0x000001e748503fb8]
Event: 43.064 Thread 0x000001e757ce3e90 3262       4       Level.MapCollisionHandler::getAdjustedPositionAfterCollisionSlopeCheckY (389 bytes)
Event: 43.096 Thread 0x000001e757ce3e90 nmethod 3262 0x000001e748504b90 code [0x000001e748504de0, 0x000001e748506298]
Event: 43.096 Thread 0x000001e757ce3e90 3263       4       Level.Camera::containsDraw (88 bytes)
Event: 43.098 Thread 0x000001e757ce3e90 nmethod 3263 0x000001e748506790 code [0x000001e748506900, 0x000001e748506b58]
Event: 43.445 Thread 0x000001e757ce3e90 3264       4       java.util.concurrent.locks.AbstractQueuedSynchronizer$Node::clearStatus (12 bytes)
Event: 43.445 Thread 0x000001e757ce3e90 nmethod 3264 0x000001e748506d10 code [0x000001e748506e80, 0x000001e748506ef8]
Event: 43.745 Thread 0x000001e757ce3e90 3265       4       Level.MapCollisionHandler::getAdjustedPositionAfterCollisionCheckY (384 bytes)

GC Heap History (12 events):
Event: 0.626 GC heap before
{Heap before GC invocations=0 (full 0):
 garbage-first heap   total 120832K, used 26624K [0x000000008a000000, 0x0000000100000000)
  region size 1024K, 23 young (23552K), 0 survivors (0K)
 Metaspace       used 7565K, committed 7808K, reserved 1114112K
  class space    used 792K, committed 896K, reserved 1048576K
}
Event: 0.630 GC heap after
{Heap after GC invocations=1 (full 0):
 garbage-first heap   total 120832K, used 4824K [0x000000008a000000, 0x0000000100000000)
  region size 1024K, 3 young (3072K), 3 survivors (3072K)
 Metaspace       used 7565K, committed 7808K, reserved 1114112K
  class space    used 792K, committed 896K, reserved 1048576K
}
Event: 1.368 GC heap before
{Heap before GC invocations=1 (full 0):
 garbage-first heap   total 120832K, used 39640K [0x000000008a000000, 0x0000000100000000)
  region size 1024K, 37 young (37888K), 3 survivors (3072K)
 Metaspace       used 8369K, committed 8576K, reserved 1114112K
  class space    used 829K, committed 896K, reserved 1048576K
}
Event: 1.374 GC heap after
{Heap after GC invocations=2 (full 0):
 garbage-first heap   total 120832K, used 6569K [0x000000008a000000, 0x0000000100000000)
  region size 1024K, 5 young (5120K), 5 survivors (5120K)
 Metaspace       used 8369K, committed 8576K, reserved 1114112K
  class space    used 829K, committed 896K, reserved 1048576K
}
Event: 3.775 GC heap before
{Heap before GC invocations=2 (full 0):
 garbage-first heap   total 120832K, used 79273K [0x000000008a000000, 0x0000000100000000)
  region size 1024K, 70 young (71680K), 5 survivors (5120K)
 Metaspace       used 8829K, committed 9024K, reserved 1114112K
  class space    used 858K, committed 960K, reserved 1048576K
}
Event: 3.785 GC heap after
{Heap after GC invocations=3 (full 0):
 garbage-first heap   total 120832K, used 11426K [0x000000008a000000, 0x0000000100000000)
  region size 1024K, 6 young (6144K), 6 survivors (6144K)
 Metaspace       used 8829K, committed 9024K, reserved 1114112K
  class space    used 858K, committed 960K, reserved 1048576K
}
Event: 4.018 GC heap before
{Heap before GC invocations=3 (full 0):
 garbage-first heap   total 120832K, used 83106K [0x000000008a000000, 0x0000000100000000)
  region size 1024K, 70 young (71680K), 6 survivors (6144K)
 Metaspace       used 8830K, committed 9024K, reserved 1114112K
  class space    used 858K, committed 960K, reserved 1048576K
}
Event: 4.024 GC heap after
{Heap after GC invocations=4 (full 0):
 garbage-first heap   total 120832K, used 13148K [0x000000008a000000, 0x0000000100000000)
  region size 1024K, 4 young (4096K), 4 survivors (4096K)
 Metaspace       used 8830K, committed 9024K, reserved 1114112K
  class space    used 858K, committed 960K, reserved 1048576K
}
Event: 5.948 GC heap before
{Heap before GC invocations=4 (full 0):
 garbage-first heap   total 120832K, used 86876K [0x000000008a000000, 0x0000000100000000)
  region size 1024K, 70 young (71680K), 4 survivors (4096K)
 Metaspace       used 9075K, committed 9344K, reserved 1114112K
  class space    used 870K, committed 1024K, reserved 1048576K
}
Event: 5.951 GC heap after
{Heap after GC invocations=5 (full 0):
 garbage-first heap   total 120832K, used 14905K [0x000000008a000000, 0x0000000100000000)
  region size 1024K, 4 young (4096K), 4 survivors (4096K)
 Metaspace       used 9075K, committed 9344K, reserved 1114112K
  class space    used 870K, committed 1024K, reserved 1048576K
}
Event: 30.331 GC heap before
{Heap before GC invocations=5 (full 0):
 garbage-first heap   total 120832K, used 82489K [0x000000008a000000, 0x0000000100000000)
  region size 1024K, 70 young (71680K), 4 survivors (4096K)
 Metaspace       used 9351K, committed 9600K, reserved 1114112K
  class space    used 871K, committed 1024K, reserved 1048576K
}
Event: 30.332 GC heap after
{Heap after GC invocations=6 (full 0):
 garbage-first heap   total 120832K, used 14140K [0x000000008a000000, 0x0000000100000000)
  region size 1024K, 3 young (3072K), 3 survivors (3072K)
 Metaspace       used 9351K, committed 9600K, reserved 1114112K
  class space    used 871K, committed 1024K, reserved 1048576K
}

Deoptimization events (20 events):
Event: 35.780 Thread 0x000001e75cc54560 Uncommon trap: trap_request=0xffffffcc fr.pc=0x000001e7484f8364 relative=0x0000000000000244
Event: 35.780 Thread 0x000001e75cc54560 Uncommon trap: reason=intrinsic_or_type_checked_inlining action=make_not_entrant pc=0x000001e7484f8364 method=java.util.Arrays.copyOf([Ljava/lang/Object;ILjava/lang/Class;)[Ljava/lang/Object; @ 35 c2
Event: 35.780 Thread 0x000001e75cc54560 DEOPT PACKING pc=0x000001e7484f8364 sp=0x000000cb421ff2c0
Event: 35.780 Thread 0x000001e75cc54560 DEOPT UNPACKING pc=0x000001e7407523a3 sp=0x000000cb421ff250 mode 2
Event: 38.845 Thread 0x000001e75cca1ad0 Uncommon trap: trap_request=0xffffff45 fr.pc=0x000001e74848e894 relative=0x00000000000014b4
Event: 38.845 Thread 0x000001e75cca1ad0 Uncommon trap: reason=unstable_if action=reinterpret pc=0x000001e74848e894 method=Level.Map.isInBounds(II)Z @ 13 c2
Event: 38.845 Thread 0x000001e75cca1ad0 DEOPT PACKING pc=0x000001e74848e894 sp=0x000000cb422fec70
Event: 38.845 Thread 0x000001e75cca1ad0 DEOPT UNPACKING pc=0x000001e7407523a3 sp=0x000000cb422fead0 mode 2
Event: 39.130 Thread 0x000001e75cca1ad0 Uncommon trap: trap_request=0xffffff45 fr.pc=0x000001e7484c7848 relative=0x00000000000026e8
Event: 39.130 Thread 0x000001e75cca1ad0 Uncommon trap: reason=unstable_if action=reinterpret pc=0x000001e7484c7848 method=Level.MapCollisionHandler.getAdjustedPositionAfterCollisionCheckX(LGameObject/GameObject;LLevel/Map;LUtils/Direction;)LLevel/MapCollisionCheckResult; @ 98 c2
Event: 39.130 Thread 0x000001e75cca1ad0 DEOPT PACKING pc=0x000001e7484c7848 sp=0x000000cb422fec40
Event: 39.130 Thread 0x000001e75cca1ad0 DEOPT UNPACKING pc=0x000001e7407523a3 sp=0x000000cb422febe8 mode 2
Event: 39.229 Thread 0x000001e75cca1ad0 Uncommon trap: trap_request=0xffffff45 fr.pc=0x000001e7484a6ba8 relative=0x0000000000001028
Event: 39.229 Thread 0x000001e75cca1ad0 Uncommon trap: reason=unstable_if action=reinterpret pc=0x000001e7484a6ba8 method=Level.Map.isInBounds(II)Z @ 13 c2
Event: 39.229 Thread 0x000001e75cca1ad0 DEOPT PACKING pc=0x000001e7484a6ba8 sp=0x000000cb422fec80
Event: 39.229 Thread 0x000001e75cca1ad0 DEOPT UNPACKING pc=0x000001e7407523a3 sp=0x000000cb422feb18 mode 2
Event: 39.229 Thread 0x000001e75cca1ad0 Uncommon trap: trap_request=0xffffff45 fr.pc=0x000001e7484a5654 relative=0x00000000000004b4
Event: 39.229 Thread 0x000001e75cca1ad0 Uncommon trap: reason=unstable_if action=reinterpret pc=0x000001e7484a5654 method=Level.Map.isInBounds(II)Z @ 13 c2
Event: 39.229 Thread 0x000001e75cca1ad0 DEOPT PACKING pc=0x000001e7484a5654 sp=0x000000cb422febe0
Event: 39.229 Thread 0x000001e75cca1ad0 DEOPT UNPACKING pc=0x000001e7407523a3 sp=0x000000cb422feb10 mode 2

Classes loaded (20 events):
Event: 1.928 Loading class java/awt/event/ContainerEvent
Event: 1.928 Loading class java/awt/event/ContainerEvent done
Event: 1.928 Loading class javax/swing/JComponent$KeyboardState
Event: 1.928 Loading class javax/swing/JComponent$KeyboardState done
Event: 1.928 Loading class javax/swing/JComponent$IntVector
Event: 1.928 Loading class javax/swing/JComponent$IntVector done
Event: 1.928 Loading class javax/swing/JInternalFrame
Event: 1.929 Loading class javax/swing/JInternalFrame done
Event: 1.929 Loading class javax/swing/KeyboardManager
Event: 1.929 Loading class javax/swing/KeyboardManager done
Event: 1.929 Loading class javax/swing/Popup$HeavyWeightWindow
Event: 1.929 Loading class sun/awt/ModalExclude
Event: 1.929 Loading class sun/awt/ModalExclude done
Event: 1.929 Loading class javax/swing/JWindow
Event: 1.929 Loading class javax/swing/JWindow done
Event: 1.929 Loading class javax/swing/Popup$HeavyWeightWindow done
Event: 3.567 Loading class java/util/TimerTask
Event: 3.567 Loading class java/util/TimerTask done
Event: 42.895 Loading class java/security/DomainCombiner
Event: 42.895 Loading class java/security/DomainCombiner done

Classes unloaded (0 events):
No events

Classes redefined (0 events):
No events

Internal exceptions (16 events):
Event: 0.075 Thread 0x000001e7375a61b0 Exception <a 'java/lang/ClassNotFoundException'{0x00000000914552a8}: sun/awt/resources/spi/awtProvider> (0x00000000914552a8) 
thrown [s\open\src\hotspot\share\classfile\systemDictionary.cpp, line 255]
Event: 0.095 Thread 0x000001e7375a61b0 Exception <a 'java/io/FileNotFoundException'{0x0000000091334868}> (0x0000000091334868) 
thrown [s\open\src\hotspot\share\prims\jni.cpp, line 516]
Event: 0.106 Thread 0x000001e7375a61b0 Exception <a 'java/io/FileNotFoundException'{0x0000000091361898}> (0x0000000091361898) 
thrown [s\open\src\hotspot\share\prims\jni.cpp, line 516]
Event: 0.140 Thread 0x000001e7375a61b0 Exception <a 'java/lang/NoSuchMethodError'{0x00000000913a1540}: 'java.lang.Object java.lang.invoke.DirectMethodHandle$Holder.invokeStaticInit(java.lang.Object)'> (0x00000000913a1540) 
thrown [s\open\src\hotspot\share\interpreter\linkResolver.cpp, line 759]
Event: 0.275 Thread 0x000001e7375a61b0 Exception <a 'java/lang/NoSuchMethodError'{0x00000000913ebfb0}: 'void java.lang.invoke.DirectMethodHandle$Holder.invokeSpecial(java.lang.Object, java.lang.Object, java.lang.Object)'> (0x00000000913ebfb0) 
thrown [s\open\src\hotspot\share\interpreter\linkResolver.cpp, line 759]
Event: 0.280 Thread 0x000001e7375a61b0 Exception <a 'java/lang/NoSuchMethodError'{0x000000009122b1e0}: 'java.lang.Object java.lang.invoke.DirectMethodHandle$Holder.newInvokeSpecial(java.lang.Object, java.lang.Object, java.lang.Object, java.lang.Object, java.lang.Object)'> (0x000000009122b1e0) 
thrown [s\open\src\hotspot\share\interpreter\linkResolver.cpp, line 759]
Event: 0.285 Thread 0x000001e7375a61b0 Exception <a 'java/lang/NoSuchMethodError'{0x000000009125ccf0}: 'java.lang.Object java.lang.invoke.DirectMethodHandle$Holder.invokeStatic(java.lang.Object, int, java.lang.Object)'> (0x000000009125ccf0) 
thrown [s\open\src\hotspot\share\interpreter\linkResolver.cpp, line 759]
Event: 0.306 Thread 0x000001e7375a61b0 Exception <a 'java/lang/ClassNotFoundException'{0x000000009111a100}: com/sun/swing/internal/plaf/metal/resources/spi/metalProvider> (0x000000009111a100) 
thrown [s\open\src\hotspot\share\classfile\systemDictionary.cpp, line 255]
Event: 0.307 Thread 0x000001e7375a61b0 Exception <a 'java/lang/ClassNotFoundException'{0x000000009111e118}: com/sun/swing/internal/plaf/basic/resources/spi/basicProvider> (0x000000009111e118) 
thrown [s\open\src\hotspot\share\classfile\systemDictionary.cpp, line 255]
Event: 0.314 Thread 0x000001e7375a61b0 Exception <a 'java/lang/NoSuchMethodError'{0x000000009113ebc0}: 'int java.lang.invoke.Invokers$Holder.invokeExact_MT(java.lang.Object, java.lang.Object)'> (0x000000009113ebc0) 
thrown [s\open\src\hotspot\share\interpreter\linkResolver.cpp, line 759]
Event: 0.334 Thread 0x000001e75c31fb60 Exception <a 'java/lang/NoSuchMethodError'{0x00000000913fc648}: 'void java.lang.invoke.DirectMethodHandle$Holder.invokeVirtual(java.lang.Object, java.lang.Object)'> (0x00000000913fc648) 
thrown [s\open\src\hotspot\share\interpreter\linkResolver.cpp, line 759]
Event: 0.346 Thread 0x000001e7375a61b0 Exception <a 'java/lang/NoSuchMethodError'{0x0000000091019e40}: 'void java.lang.invoke.DirectMethodHandle$Holder.invokeStaticInit(java.lang.Object)'> (0x0000000091019e40) 
thrown [s\open\src\hotspot\share\interpreter\linkResolver.cpp, line 759]
Event: 0.754 Thread 0x000001e75cc21a80 Exception <a 'java/io/FileNotFoundException'{0x000000008fb428b8}> (0x000000008fb428b8) 
thrown [s\open\src\hotspot\share\prims\jni.cpp, line 516]
Event: 0.904 Thread 0x000001e75cc21a80 Exception <a 'java/io/FileNotFoundException'{0x000000008f9b9100}> (0x000000008f9b9100) 
thrown [s\open\src\hotspot\share\prims\jni.cpp, line 516]
Event: 3.556 Thread 0x000001e75cca1ad0 Implicit null exception at 0x000001e7483af98a to 0x000001e7483aff5c
Event: 4.242 Thread 0x000001e75cc21a80 Implicit null exception at 0x000001e74838a7e5 to 0x000001e74838bb84

VM Operations (20 events):
Event: 29.022 Executing VM operation: Cleanup
Event: 29.022 Executing VM operation: Cleanup done
Event: 30.023 Executing VM operation: Cleanup
Event: 30.023 Executing VM operation: Cleanup done
Event: 30.331 Executing VM operation: G1CollectForAllocation
Event: 30.332 Executing VM operation: G1CollectForAllocation done
Event: 31.338 Executing VM operation: Cleanup
Event: 31.338 Executing VM operation: Cleanup done
Event: 32.339 Executing VM operation: Cleanup
Event: 32.339 Executing VM operation: Cleanup done
Event: 35.347 Executing VM operation: Cleanup
Event: 35.347 Executing VM operation: Cleanup done
Event: 36.357 Executing VM operation: Cleanup
Event: 36.357 Executing VM operation: Cleanup done
Event: 38.358 Executing VM operation: Cleanup
Event: 38.358 Executing VM operation: Cleanup done
Event: 41.366 Executing VM operation: Cleanup
Event: 41.366 Executing VM operation: Cleanup done
Event: 42.367 Executing VM operation: Cleanup
Event: 42.367 Executing VM operation: Cleanup done

Events (20 events):
Event: 0.581 Loaded shared library C:\Program Files\Java\jdk-18.0.2.1\bin\nio.dll
Event: 2.068 Thread 0x000001e75ccc3900 Thread exited: 0x000001e75ccc3900
Event: 2.068 Thread 0x000001e75ccc6fb0 Thread exited: 0x000001e75ccc6fb0
Event: 2.708 Thread 0x000001e75ccf6ff0 Thread added: 0x000001e75ccf6ff0
Event: 2.835 Thread 0x000001e75ccf6ff0 Thread exited: 0x000001e75ccf6ff0
Event: 3.507 Thread 0x000001e75ce71510 Thread added: 0x000001e75ce71510
Event: 3.540 Thread 0x000001e7646d6d80 Thread added: 0x000001e7646d6d80
Event: 4.032 Thread 0x000001e7646d6d80 Thread exited: 0x000001e7646d6d80
Event: 4.152 Thread 0x000001e75ce71510 Thread exited: 0x000001e75ce71510
Event: 4.168 Thread 0x000001e7660992e0 Thread added: 0x000001e7660992e0
Event: 4.168 Thread 0x000001e764fd15c0 Thread added: 0x000001e764fd15c0
Event: 4.395 Thread 0x000001e764fd15c0 Thread exited: 0x000001e764fd15c0
Event: 4.562 Thread 0x000001e7660992e0 Thread exited: 0x000001e7660992e0
Event: 9.363 Thread 0x000001e75ccfaf80 Thread exited: 0x000001e75ccfaf80
Event: 9.363 Thread 0x000001e75c0c55c0 Thread exited: 0x000001e75c0c55c0
Event: 9.363 Thread 0x000001e75c0cbae0 Thread exited: 0x000001e75c0cbae0
Event: 34.969 Thread 0x000001e75c3cd480 Thread added: 0x000001e75c3cd480
Event: 34.969 Thread 0x000001e75c906c00 Thread added: 0x000001e75c906c00
Event: 35.763 Thread 0x000001e75c906c00 Thread exited: 0x000001e75c906c00
Event: 35.979 Thread 0x000001e75c3cd480 Thread exited: 0x000001e75c3cd480


Dynamic libraries:
0x00007ff617ec0000 - 0x00007ff617ed0000 	C:\Program Files\Java\jdk-18.0.2.1\bin\java.exe
0x00007ffd52cd0000 - 0x00007ffd52ec7000 	C:\Windows\SYSTEM32\ntdll.dll
0x00007ffd513d0000 - 0x00007ffd5148d000 	C:\Windows\System32\KERNEL32.DLL
0x00007ffd50630000 - 0x00007ffd50926000 	C:\Windows\System32\KERNELBASE.dll
0x00007ffd50530000 - 0x00007ffd50630000 	C:\Windows\System32\ucrtbase.dll
0x00007ffd0b390000 - 0x00007ffd0b3aa000 	C:\Program Files\Java\jdk-18.0.2.1\bin\VCRUNTIME140.dll
0x00007ffd0c4e0000 - 0x00007ffd0c4f8000 	C:\Program Files\Java\jdk-18.0.2.1\bin\jli.dll
0x00007ffd50f80000 - 0x00007ffd5102e000 	C:\Windows\System32\ADVAPI32.dll
0x00007ffd51090000 - 0x00007ffd5112e000 	C:\Windows\System32\msvcrt.dll
0x00007ffd51330000 - 0x00007ffd513cc000 	C:\Windows\System32\sechost.dll
0x00007ffd51de0000 - 0x00007ffd51f06000 	C:\Windows\System32\RPCRT4.dll
0x00007ffd50de0000 - 0x00007ffd50f7e000 	C:\Windows\System32\USER32.dll
0x00007ffd2fb40000 - 0x00007ffd2fdda000 	C:\Windows\WinSxS\amd64_microsoft.windows.common-controls_6595b64144ccf1df_6.0.19041.3570_none_60bb2a3971f3e41a\COMCTL32.dll
0x00007ffd503b0000 - 0x00007ffd503d2000 	C:\Windows\System32\win32u.dll
0x00007ffd52020000 - 0x00007ffd5204c000 	C:\Windows\System32\GDI32.dll
0x00007ffd503e0000 - 0x00007ffd504fa000 	C:\Windows\System32\gdi32full.dll
0x00007ffd509c0000 - 0x00007ffd50a5d000 	C:\Windows\System32\msvcp_win.dll
0x00007ffd49870000 - 0x00007ffd4987a000 	C:\Windows\SYSTEM32\VERSION.dll
0x00007ffd51ff0000 - 0x00007ffd52020000 	C:\Windows\System32\IMM32.DLL
0x00007ffd385e0000 - 0x00007ffd385ec000 	C:\Program Files\Java\jdk-18.0.2.1\bin\vcruntime140_1.dll
0x00007ffcf7fb0000 - 0x00007ffcf803d000 	C:\Program Files\Java\jdk-18.0.2.1\bin\msvcp140.dll
0x00007ffccea70000 - 0x00007ffccf681000 	C:\Program Files\Java\jdk-18.0.2.1\bin\server\jvm.dll
0x00007ffd52830000 - 0x00007ffd52838000 	C:\Windows\System32\PSAPI.DLL
0x00007ffd4a110000 - 0x00007ffd4a137000 	C:\Windows\SYSTEM32\WINMM.dll
0x00007ffd25990000 - 0x00007ffd25999000 	C:\Windows\SYSTEM32\WSOCK32.dll
0x00007ffd51590000 - 0x00007ffd515fb000 	C:\Windows\System32\WS2_32.dll
0x00007ffd4ebe0000 - 0x00007ffd4ebf2000 	C:\Windows\SYSTEM32\kernel.appcore.dll
0x00007ffd383d0000 - 0x00007ffd383da000 	C:\Program Files\Java\jdk-18.0.2.1\bin\jimage.dll
0x00007ffd4e220000 - 0x00007ffd4e404000 	C:\Windows\SYSTEM32\DBGHELP.DLL
0x00007ffd24c40000 - 0x00007ffd24c74000 	C:\Windows\SYSTEM32\dbgcore.DLL
0x00007ffd50930000 - 0x00007ffd509b2000 	C:\Windows\System32\bcryptPrimitives.dll
0x00007ffd004b0000 - 0x00007ffd004d5000 	C:\Program Files\Java\jdk-18.0.2.1\bin\java.dll
0x00007ffcf75b0000 - 0x00007ffcf7686000 	C:\Program Files\Java\jdk-18.0.2.1\bin\jsvml.dll
0x00007ffd51690000 - 0x00007ffd51dd4000 	C:\Windows\System32\SHELL32.dll
0x00007ffd4e430000 - 0x00007ffd4ebcb000 	C:\Windows\SYSTEM32\windows.storage.dll
0x00007ffd52050000 - 0x00007ffd523a4000 	C:\Windows\System32\combase.dll
0x00007ffd4fdf0000 - 0x00007ffd4fe1d000 	C:\Windows\SYSTEM32\Wldp.dll
0x00007ffd50d30000 - 0x00007ffd50ddd000 	C:\Windows\System32\SHCORE.dll
0x00007ffd51030000 - 0x00007ffd51085000 	C:\Windows\System32\shlwapi.dll
0x00007ffd502e0000 - 0x00007ffd50305000 	C:\Windows\SYSTEM32\profapi.dll
0x00007ffcf6e90000 - 0x00007ffcf701f000 	C:\Program Files\Java\jdk-18.0.2.1\bin\awt.dll
0x00007ffd51f10000 - 0x00007ffd51fdd000 	C:\Windows\System32\OLEAUT32.dll
0x00007ffd4d6d0000 - 0x00007ffd4d760000 	C:\Windows\SYSTEM32\apphelp.dll
0x00007ffd4da90000 - 0x00007ffd4dabf000 	C:\Windows\system32\DWMAPI.DLL
0x00007ffd4d820000 - 0x00007ffd4d8be000 	C:\Windows\system32\uxtheme.dll
0x00007ffcf7260000 - 0x00007ffcf7385000 	C:\Windows\system32\opengl32.dll
0x00007ffcfec00000 - 0x00007ffcfec2c000 	C:\Windows\SYSTEM32\GLU32.dll
0x00007ffd51130000 - 0x00007ffd51244000 	C:\Windows\System32\MSCTF.dll
0x00007ffd52840000 - 0x00007ffd5296b000 	C:\Windows\System32\ole32.dll
0x00007ffd43080000 - 0x00007ffd4324d000 	C:\Windows\system32\d3d9.dll
0x00007ffd44740000 - 0x00007ffd44846000 	C:\Windows\System32\DriverStore\FileRepository\nvlt.inf_amd64_6e978b1ba87faf07\nvldumdx.dll
0x00007ffd4ff80000 - 0x00007ffd4ff92000 	C:\Windows\SYSTEM32\msasn1.dll
0x00007ffd486d0000 - 0x00007ffd48701000 	C:\Windows\SYSTEM32\cryptnet.dll
0x00007ffd50bd0000 - 0x00007ffd50d2d000 	C:\Windows\System32\CRYPT32.dll
0x00007ffd45900000 - 0x00007ffd45a48000 	C:\Windows\SYSTEM32\drvstore.dll
0x00007ffd50140000 - 0x00007ffd50173000 	C:\Windows\SYSTEM32\devobj.dll
0x00007ffd50b80000 - 0x00007ffd50bce000 	C:\Windows\System32\cfgmgr32.dll
0x00007ffd4fd40000 - 0x00007ffd4fd4c000 	C:\Windows\SYSTEM32\cryptbase.dll
0x00007ffd50b10000 - 0x00007ffd50b77000 	C:\Windows\System32\WINTRUST.DLL
0x00007ffd51490000 - 0x00007ffd514ad000 	C:\Windows\System32\imagehlp.dll
0x00007ffd4fd50000 - 0x00007ffd4fd68000 	C:\Windows\SYSTEM32\CRYPTSP.dll
0x00007ffd4f3f0000 - 0x00007ffd4f424000 	C:\Windows\system32\rsaenh.dll
0x00007ffd50500000 - 0x00007ffd50527000 	C:\Windows\System32\bcrypt.dll
0x00007ffccd1b0000 - 0x00007ffccea61000 	C:\Windows\System32\DriverStore\FileRepository\nvlt.inf_amd64_6e978b1ba87faf07\nvd3dumx.dll
0x00007ffcfe700000 - 0x00007ffcfe9ae000 	C:\Windows\system32\nvspcap64.dll
0x00007ffd4f510000 - 0x00007ffd4f543000 	C:\Windows\SYSTEM32\ntmarta.dll
0x00007ffd4ec00000 - 0x00007ffd4ec23000 	C:\Windows\SYSTEM32\gpapi.dll
0x00007ffd464a0000 - 0x00007ffd464db000 	C:\Windows\SYSTEM32\dxcore.dll
0x00007ffcf66e0000 - 0x00007ffcf6766000 	C:\Program Files\Java\jdk-18.0.2.1\bin\freetype.dll
0x00007ffcf6630000 - 0x00007ffcf66d8000 	C:\Program Files\Java\jdk-18.0.2.1\bin\fontmanager.dll
0x00007ffd40d10000 - 0x00007ffd40e0a000 	C:\Windows\SYSTEM32\textinputframework.dll
0x00007ffd4cdb0000 - 0x00007ffd4d10b000 	C:\Windows\System32\CoreUIComponents.dll
0x00007ffd4d490000 - 0x00007ffd4d582000 	C:\Windows\System32\CoreMessaging.dll
0x00007ffd4bdd0000 - 0x00007ffd4bf25000 	C:\Windows\SYSTEM32\wintypes.dll
0x00007ffd09a60000 - 0x00007ffd09a78000 	C:\Program Files\Java\jdk-18.0.2.1\bin\zip.dll
0x00007ffd09230000 - 0x00007ffd09243000 	C:\Program Files\Java\jdk-18.0.2.1\bin\net.dll
0x00007ffd47490000 - 0x00007ffd4759a000 	C:\Windows\SYSTEM32\WINHTTP.dll
0x00007ffd4fb50000 - 0x00007ffd4fbba000 	C:\Windows\system32\mswsock.dll
0x00007ffd07200000 - 0x00007ffd07216000 	C:\Program Files\Java\jdk-18.0.2.1\bin\nio.dll

dbghelp: loaded successfully - version: 4.0.5 - missing functions: none
symbol engine: initialized successfully - sym options: 0x614 - pdb path: .;C:\Program Files\Java\jdk-18.0.2.1\bin;C:\Windows\SYSTEM32;C:\Windows\WinSxS\amd64_microsoft.windows.common-controls_6595b64144ccf1df_6.0.19041.3570_none_60bb2a3971f3e41a;C:\Program Files\Java\jdk-18.0.2.1\bin\server;C:\Windows\System32\DriverStore\FileRepository\nvlt.inf_amd64_6e978b1ba87faf07

VM Arguments:
jvm_args: -XX:+ShowCodeDetailsInExceptionMessages 
java_command: Game.Game
java_class_path (initial): C:\Users\Shannon\AppData\Roaming\Code\User\workspaceStorage\befb73b0b42d983fe0ccdb092005b2d1\redhat.java\jdt_ws\SER-225-Platformer_fa4c4628\bin
Launcher Type: SUN_STANDARD

[Global flags]
     intx CICompilerCount                          = 12                                        {product} {ergonomic}
     uint ConcGCThreads                            = 3                                         {product} {ergonomic}
     uint G1ConcRefinementThreads                  = 13                                        {product} {ergonomic}
   size_t G1HeapRegionSize                         = 1048576                                   {product} {ergonomic}
    uintx GCDrainStackTargetSize                   = 64                                        {product} {ergonomic}
   size_t InitialHeapSize                          = 123731968                                 {product} {ergonomic}
   size_t MarkStackSize                            = 4194304                                   {product} {ergonomic}
   size_t MaxHeapSize                              = 1979711488                                {product} {ergonomic}
   size_t MaxNewSize                               = 1186988032                                {product} {ergonomic}
   size_t MinHeapDeltaBytes                        = 1048576                                   {product} {ergonomic}
   size_t MinHeapSize                              = 8388608                                   {product} {ergonomic}
    uintx NonNMethodCodeHeapSize                   = 7602480                                {pd product} {ergonomic}
    uintx NonProfiledCodeHeapSize                  = 122027880                              {pd product} {ergonomic}
    uintx ProfiledCodeHeapSize                     = 122027880                              {pd product} {ergonomic}
    uintx ReservedCodeCacheSize                    = 251658240                              {pd product} {ergonomic}
     bool SegmentedCodeCache                       = true                                      {product} {ergonomic}
     bool ShowCodeDetailsInExceptionMessages       = true                                   {manageable} {command line}
   size_t SoftMaxHeapSize                          = 1979711488                             {manageable} {ergonomic}
     bool UseCompressedClassPointers               = true                           {product lp64_product} {ergonomic}
     bool UseCompressedOops                        = true                           {product lp64_product} {ergonomic}
     bool UseG1GC                                  = true                                      {product} {ergonomic}
     bool UseLargePagesIndividualAllocation        = false                                  {pd product} {ergonomic}

Logging:
Log output configuration:
 #0: stdout all=warning uptime,level,tags foldmultilines=false
 #1: stderr all=off uptime,level,tags foldmultilines=false

Environment Variables:
PATH=C:\Program Files\Common Files\Oracle\Java\javapath;C:\Windows\system32;C:\Windows;C:\Windows\System32\Wbem;C:\Windows\System32\WindowsPowerShell\v1.0\;C:\Windows\System32\OpenSSH\;C:\Program Files (x86)\NVIDIA Corporation\PhysX\Common;C:\Program Files\NVIDIA Corporation\NVIDIA NvDLISR;C:\Program Files\dotnet\;C:\Program Files\Git\cmd;C:\Users\Shannon\AppData\Local\Microsoft\WindowsApps;C:\Users\Shannon\AppData\Local\Coursier\data\bin;C:\Users\Shannon\.dotnet\tools;C:\Users\Shannon\AppData\Local\Programs\Microsoft VS Code\bin;C:\Program Files\Git\mingw64\bin;C:\Program Files\Git\usr\bin;C:\Users\Shannon\cmder\vendor\bin;C:\Users\Shannon\cmder\bin;C:\Users\Shannon\cmder
USERNAME=Shannon
LANG=en_US.UTF-8
OS=Windows_NT
PROCESSOR_IDENTIFIER=AMD64 Family 23 Model 96 Stepping 1, AuthenticAMD



---------------  S Y S T E M  ---------------

OS:
 Windows 10 , 64 bit Build 19041 (10.0.19041.3570)
OS uptime: 7 days 0:24 hours

CPU: total 16 (initial active 16) (16 cores per cpu, 2 threads per core) family 23 model 96 stepping 1 microcode 0x0, cx8, cmov, fxsr, ht, mmx, 3dnowpref, sse, sse2, sse3, ssse3, sse4a, sse4.1, sse4.2, popcnt, lzcnt, tsc, tscinvbit, avx, avx2, aes, clmul, bmi1, bmi2, adx, sha, fma, vzeroupper, clflush, clflushopt

Memory: 4k page, system-wide physical 7549M (549M free)
TotalPageFile size 31101M (AvailPageFile size 1M)
current process WorkingSet (physical memory assigned to process): 184M, peak: 213M
current process commit charge ("private bytes"): 275M, peak: 306M

vm_info: Java HotSpot(TM) 64-Bit Server VM (18.0.2.1+1-1) for windows-amd64 JRE (18.0.2.1+1-1), built on Aug 16 2022 01:46:33 by "mach5one" with MS VC++ 16.8 / 16.9 (VS2019)

END.
